This is LuaTeX, Version 1.0.4 (TeX Live 2017/Debian)  (format=lualatex 2019.10.4)  4 OCT 2019 12:48
 restricted system commands enabled.
**vis_prel_para.tex
(./vis_prel_para.tex
LaTeX2e <2017-04-15>
Lua module: luaotfload-main 2017/01/29 2.80001 OpenType layout system.
Lua module: lualibs 2017-02-01 2.5 ConTeXt Lua standard libraries.
Lua module: lualibs-extended 2017-02-01 2.5 ConTeXt Lua libraries -- extended co
llection.(using write cache: /home/fater/.texlive2017/texmf-var/luatex-cache/gen
eric)(using read cache: /var/lib/texmf/luatex-cache/generic /home/fater/.texlive
2017/texmf-var/luatex-cache/generic)
luaotfload | conf : Root cache directory is /home/fater/.texlive2017/texmf-var/l
uatex-cache/generic/names.
luaotfload | init : Loading fontloader “fontloader-2017-02-11.lua” from kpse
-resolved path “/usr/share/texlive/texmf-dist/tex/luatex/luaotfload/fontloader
-2017-02-11.lua”.
Lua-only attribute luaotfload@state = 1
Lua-only attribute luaotfload@noligature = 2
Lua-only attribute luaotfload@syllabe = 3
luaotfload | init : Context OpenType loader version “3.027”
Inserting `luaotfload.node_processor' at position 1 in `pre_linebreak_filter'.
Inserting `luaotfload.node_processor' at position 1 in `hpack_filter'.
Inserting `luaotfload.define_font' at position 1 in `define_font'.
Lua-only attribute luaotfload_color_attribute = 4
luaotfload | conf : Root cache directory is /home/fater/.texlive2017/texmf-var/l
uatex-cache/generic/names.
Inserting `luaotfload.aux.set_sscale_dimens' at position 1 in `luaotfload.patch_
font'.
Inserting `luaotfload.aux.patch_cambria_domh' at position 2 in `luaotfload.patch
_font'.
Inserting `luaotfload.aux.fixup_fontdata' at position 1 in `luaotfload.patch_fon
t_unsafe'.
Inserting `luaotfload.aux.set_capheight' at position 3 in `luaotfload.patch_font
'.
Inserting `luaotfload.rewrite_fontname' at position 4 in `luaotfload.patch_font'
.
luaotfload | main : initialization completed in 0.140 seconds
Babel <3.18> and hyphenation patterns for 1 language(s) loaded.
(/usr/share/texlive/texmf-dist/tex/latex/base/article.cls
Document Class: article 2014/09/29 v1.4h Standard LaTeX document class
(/usr/share/texlive/texmf-dist/tex/latex/base/size10.clo
File: size10.clo 2014/09/29 v1.4h Standard LaTeX file (size option)
luaotfload | db : Font names database loaded from /home/fater/.texlive2017/texmf
-var/luatex-cache/generic/names/luaotfload-names.luc(load luc: /home/fater/.texl
ive2017/texmf-var/luatex-cache/generic/fonts/otl/lmroman10-regular.luc))
\c@part=\count79
\c@section=\count80
\c@subsection=\count81
\c@subsubsection=\count82
\c@paragraph=\count83
\c@subparagraph=\count84
\c@figure=\count85
\c@table=\count86
\abovecaptionskip=\skip41
\belowcaptionskip=\skip42
\bibindent=\dimen102
)
(/usr/share/texlive/texmf-dist/tex/latex/csquotes/csquotes.sty
Package: csquotes 2018/02/11 v5.2c context-sensitive quotations (JAW)

(/usr/share/texlive/texmf-dist/tex/latex/etoolbox/etoolbox.sty
Package: etoolbox 2018/02/11 v2.5e e-TeX tools for LaTeX (JAW)
\etb@tempcnta=\count87
)
(/usr/share/texlive/texmf-dist/tex/latex/graphics/keyval.sty
Package: keyval 2014/10/28 v1.15 key=value parser (DPC)
\KV@toks@=\toks14
)
\csq@reset=\count88
\csq@gtype=\count89
\csq@glevel=\count90
\csq@qlevel=\count91
\csq@maxlvl=\count92
\csq@tshold=\count93
\csq@ltx@everypar=\toks15

(/usr/share/texlive/texmf-dist/tex/latex/csquotes/csquotes.def
File: csquotes.def 2018/02/11 v5.2c csquotes generic definitions (JAW)
)
Package csquotes Info: Trying to load configuration file 'csquotes.cfg'...
Package csquotes Info: ... configuration file loaded successfully.

(/usr/share/texlive/texmf-dist/tex/latex/csquotes/csquotes.cfg
File: csquotes.cfg 
))
(/usr/share/texlive/texmf-dist/tex/latex/xpatch/xpatch.sty
(/usr/share/texlive/texmf-dist/tex/latex/l3kernel/expl3.sty
Package: expl3 2018/02/21 L3 programming layer (loader) 

(/usr/share/texlive/texmf-dist/tex/latex/l3kernel/expl3-code.tex
Package: expl3 2018/02/21 L3 programming layer (code)
\ucharcat@table=\catcodetable5
\c_max_int=\count94
\l_tmpa_int=\count95
\l_tmpb_int=\count96
\g_tmpa_int=\count97
\g_tmpb_int=\count98
\g__intarray_font_int=\count99
\g__prg_map_int=\count100
\c_log_iow=\count101
\l_iow_line_count_int=\count102
\l__iow_line_target_int=\count103
\l__iow_one_indent_int=\count104
\l__iow_indent_int=\count105
\c_zero_dim=\dimen103
\c_max_dim=\dimen104
\l_tmpa_dim=\dimen105
\l_tmpb_dim=\dimen106
\g_tmpa_dim=\dimen107
\g_tmpb_dim=\dimen108
\c_zero_skip=\skip43
\c_max_skip=\skip44
\l_tmpa_skip=\skip45
\l_tmpb_skip=\skip46
\g_tmpa_skip=\skip47
\g_tmpb_skip=\skip48
\c_zero_muskip=\muskip10
\c_max_muskip=\muskip11
\l_tmpa_muskip=\muskip12
\l_tmpb_muskip=\muskip13
\g_tmpa_muskip=\muskip14
\g_tmpb_muskip=\muskip15
\l_keys_choice_int=\count106
\c__fp_leading_shift_int=\count107
\c__fp_middle_shift_int=\count108
\c__fp_trailing_shift_int=\count109
\c__fp_big_leading_shift_int=\count110
\c__fp_big_middle_shift_int=\count111
\c__fp_big_trailing_shift_int=\count112
\c__fp_Bigg_leading_shift_int=\count113
\c__fp_Bigg_middle_shift_int=\count114
\c__fp_Bigg_trailing_shift_int=\count115
\c__fp_rand_size_int=\count116
\c__fp_rand_four_int=\count117
\c__fp_rand_eight_int=\count118
\l__sort_length_int=\count119
\l__sort_min_int=\count120
\l__sort_top_int=\count121
\l__sort_max_int=\count122
\l__sort_true_max_int=\count123
\l__sort_block_int=\count124
\l__sort_begin_int=\count125
\l__sort_end_int=\count126
\l__sort_A_int=\count127
\l__sort_B_int=\count128
\l__sort_C_int=\count129
\l__tl_build_start_index_int=\count130
\l__tl_build_index_int=\count131
\l__tl_analysis_normal_int=\count132
\l__tl_analysis_index_int=\count133
\l__tl_analysis_nesting_int=\count134
\l__tl_analysis_type_int=\count135
\l__regex_internal_a_int=\count136
\l__regex_internal_b_int=\count137
\l__regex_internal_c_int=\count138
\l__regex_balance_int=\count139
\l__regex_group_level_int=\count140
\l__regex_mode_int=\count141
\c__regex_cs_in_class_mode_int=\count142
\c__regex_cs_mode_int=\count143
\l__regex_catcodes_int=\count144
\l__regex_default_catcodes_int=\count145
\c__regex_catcode_L_int=\count146
\c__regex_catcode_O_int=\count147
\c__regex_catcode_A_int=\count148
\c__regex_all_catcodes_int=\count149
\l__regex_show_lines_int=\count150
\l__regex_min_state_int=\count151
\l__regex_max_state_int=\count152
\l__regex_left_state_int=\count153
\l__regex_right_state_int=\count154
\l__regex_capturing_group_int=\count155
\l__regex_min_pos_int=\count156
\l__regex_max_pos_int=\count157
\l__regex_curr_pos_int=\count158
\l__regex_start_pos_int=\count159
\l__regex_success_pos_int=\count160
\l__regex_curr_char_int=\count161
\l__regex_curr_catcode_int=\count162
\l__regex_last_char_int=\count163
\l__regex_case_changed_char_int=\count164
\l__regex_curr_state_int=\count165
\l__regex_step_int=\count166
\l__regex_min_active_int=\count167
\l__regex_max_active_int=\count168
\l__regex_replacement_csnames_int=\count169
\l__regex_match_count_int=\count170
\l__regex_min_submatch_int=\count171
\l__regex_submatch_int=\count172
\l__regex_zeroth_submatch_int=\count173
\g__regex_trace_regex_int=\count174
\c_empty_box=\box26
\l_tmpa_box=\box27
\l_tmpb_box=\box28
\g_tmpa_box=\box29
\g_tmpb_box=\box30
\l__box_top_dim=\dimen109
\l__box_bottom_dim=\dimen110
\l__box_left_dim=\dimen111
\l__box_right_dim=\dimen112
\l__box_top_new_dim=\dimen113
\l__box_bottom_new_dim=\dimen114
\l__box_left_new_dim=\dimen115
\l__box_right_new_dim=\dimen116
\l__box_internal_box=\box31
\l__coffin_internal_box=\box32
\l__coffin_internal_dim=\dimen117
\l__coffin_offset_x_dim=\dimen118
\l__coffin_offset_y_dim=\dimen119
\l__coffin_x_dim=\dimen120
\l__coffin_y_dim=\dimen121
\l__coffin_x_prime_dim=\dimen122
\l__coffin_y_prime_dim=\dimen123
\c_empty_coffin=\box33
\l__coffin_aligned_coffin=\box34
\l__coffin_aligned_internal_coffin=\box35
\l_tmpa_coffin=\box36
\l_tmpb_coffin=\box37
\l__coffin_display_coffin=\box38
\l__coffin_display_coord_coffin=\box39
\l__coffin_display_pole_coffin=\box40
\l__coffin_display_offset_dim=\dimen124
\l__coffin_display_x_dim=\dimen125
\l__coffin_display_y_dim=\dimen126
\l__coffin_bounding_shift_dim=\dimen127
\l__coffin_left_corner_dim=\dimen128
\l__coffin_right_corner_dim=\dimen129
\l__coffin_bottom_corner_dim=\dimen130
\l__coffin_top_corner_dim=\dimen131
\l__coffin_scaled_total_height_dim=\dimen132
\l__coffin_scaled_width_dim=\dimen133
)
(/usr/share/texlive/texmf-dist/tex/latex/l3kernel/l3pdfmode.def
File: l3pdfmode.def 2017/03/18 v L3 Experimental driver: PDF mode
\l__driver_color_stack_int=\count175
\l__driver_tmp_box=\box41
))
Package: xpatch 2012/10/02 v0.3 Extending etoolbox patching commands

(/usr/share/texlive/texmf-dist/tex/latex/l3packages/xparse/xparse.sty
Package: xparse 2018/02/21 L3 Experimental document command parser
\l__xparse_current_arg_int=\count176
\g__xparse_grabber_int=\count177
\l__xparse_m_args_int=\count178
\l__xparse_mandatory_args_int=\count179
\l__xparse_v_nesting_int=\count180
)
.................................................
. LaTeX info: "xparse/define-command"
. 
. Defining command \xpatchcmd with sig. '' on line 125.
.................................................
.................................................
. LaTeX info: "xparse/define-command"
. 
. Defining command \xpretocmd with sig. '' on line 126.
.................................................
.................................................
. LaTeX info: "xparse/define-command"
. 
. Defining command \xapptocmd with sig. '' on line 127.
.................................................
.................................................
. LaTeX info: "xparse/define-command"
. 
. Defining command \xshowcmd with sig. '' on line 128.
.................................................
.................................................
. LaTeX info: "xparse/define-command"
. 
. Defining command \xpatchbibmacro with sig. 'm' on line 131.
.................................................
.................................................
. LaTeX info: "xparse/define-command"
. 
. Defining command \xpretobibmacro with sig. 'm' on line 133.
.................................................
.................................................
. LaTeX info: "xparse/define-command"
. 
. Defining command \xapptobibmacro with sig. 'm' on line 135.
.................................................
.................................................
. LaTeX info: "xparse/define-command"
. 
. Defining command \xshowbibmacro with sig. 'm' on line 137.
.................................................
.................................................
. LaTeX info: "xparse/define-command"
. 
. Defining command \xpatchfieldformat with sig. 'O{*}m' on line 139.
.................................................
.................................................
. LaTeX info: "xparse/define-command"
. 
. Defining command \xpretofieldformat with sig. 'O{*}m' on line 141.
.................................................
.................................................
. LaTeX info: "xparse/define-command"
. 
. Defining command \xapptofieldformat with sig. 'O{*}m' on line 143.
.................................................
.................................................
. LaTeX info: "xparse/define-command"
. 
. Defining command \xshowfieldformat with sig. 'O{*}m' on line 145.
.................................................
.................................................
. LaTeX info: "xparse/define-command"
. 
. Defining command \xpatchnameformat with sig. 'O{*}m' on line 147.
.................................................
.................................................
. LaTeX info: "xparse/define-command"
. 
. Defining command \xpretonameformat with sig. 'O{*}m' on line 149.
.................................................
.................................................
. LaTeX info: "xparse/define-command"
. 
. Defining command \xapptonameformat with sig. 'O{*}m' on line 151.
.................................................
.................................................
. LaTeX info: "xparse/define-command"
. 
. Defining command \xshownameformat with sig. 'O{*}m' on line 153.
.................................................
.................................................
. LaTeX info: "xparse/define-command"
. 
. Defining command \xpatchlistformat with sig. 'O{*}m' on line 155.
.................................................
.................................................
. LaTeX info: "xparse/define-command"
. 
. Defining command \xpretolistformat with sig. 'O{*}m' on line 157.
.................................................
.................................................
. LaTeX info: "xparse/define-command"
. 
. Defining command \xapptolistformat with sig. 'O{*}m' on line 159.
.................................................
.................................................
. LaTeX info: "xparse/define-command"
. 
. Defining command \xshowlistformat with sig. 'O{*}m' on line 161.
.................................................
.................................................
. LaTeX info: "xparse/define-command"
. 
. Defining command \xpatchindexfieldformat with sig. 'O{*}m' on line 163.
.................................................
.................................................
. LaTeX info: "xparse/define-command"
. 
. Defining command \xpretoindexfieldformat with sig. 'O{*}m' on line 165.
.................................................
.................................................
. LaTeX info: "xparse/define-command"
. 
. Defining command \xapptoindexfieldformat with sig. 'O{*}m' on line 167.
.................................................
.................................................
. LaTeX info: "xparse/define-command"
. 
. Defining command \xshowindexfieldformat with sig. 'O{*}m' on line 169.
.................................................
.................................................
. LaTeX info: "xparse/define-command"
. 
. Defining command \xpatchindexnameformat with sig. 'O{*}m' on line 171.
.................................................
.................................................
. LaTeX info: "xparse/define-command"
. 
. Defining command \xpretoindexnameformat with sig. 'O{*}m' on line 173.
.................................................
.................................................
. LaTeX info: "xparse/define-command"
. 
. Defining command \xapptoindexnameformat with sig. 'O{*}m' on line 175.
.................................................
.................................................
. LaTeX info: "xparse/define-command"
. 
. Defining command \xshowindexnameformat with sig. 'O{*}m' on line 177.
.................................................
.................................................
. LaTeX info: "xparse/define-command"
. 
. Defining command \xpatchindexlistformat with sig. 'O{*}m' on line 179.
.................................................
.................................................
. LaTeX info: "xparse/define-command"
. 
. Defining command \xpretoindexlistformat with sig. 'O{*}m' on line 181.
.................................................
.................................................
. LaTeX info: "xparse/define-command"
. 
. Defining command \xappindextolistformat with sig. 'O{*}m' on line 183.
.................................................
.................................................
. LaTeX info: "xparse/define-command"
. 
. Defining command \xshowindexlistformat with sig. 'O{*}m' on line 185.
.................................................
.................................................
. LaTeX info: "xparse/define-command"
. 
. Defining command \xpatchbibdriver with sig. 'm' on line 187.
.................................................
.................................................
. LaTeX info: "xparse/define-command"
. 
. Defining command \xpretobibdriver with sig. 'm' on line 189.
.................................................
.................................................
. LaTeX info: "xparse/define-command"
. 
. Defining command \xapptobibdriver with sig. 'm' on line 191.
.................................................
.................................................
. LaTeX info: "xparse/define-command"
. 
. Defining command \xshowbibdriver with sig. 'm' on line 193.
.................................................
)
(/usr/share/texlive/texmf-dist/tex/generic/babel/babel.sty
Package: babel 2018/02/14 3.18 The Babel package

(/usr/share/texlive/texmf-dist/tex/generic/babel/switch.def
File: switch.def 2018/02/14 3.18 Babel switching mechanism
)
(/usr/share/texlive/texmf-dist/tex/generic/babel/luababel.def
\l@dumylang=\language2
Package babel Info: Non-standard hyphenation setup on input line 113.
\l@nohyphenation=\language3
\l@greek=\language4
\l@latvian=\language5
\l@uppersorbian=\language6
\l@croatian=\language7
\l@irish=\language8
\l@turkish=\language9
\l@romanian=\language10
\l@bokmal=\language11
\l@friulan=\language12
\l@nynorsk=\language13
\l@ancientgreek=\language14
\l@latin=\language15
\l@piedmontese=\language16
\l@icelandic=\language17
\l@dutch=\language18
\l@hungarian=\language19
\l@finnish=\language20
\l@ibycus=\language21
\l@welsh=\language22
\l@romansh=\language23
\l@kurmanji=\language24
\l@lithuanian=\language25
\l@estonian=\language26
\l@danish=\language27
\l@occitan=\language28
\l@liturgicallatin=\language29
\l@slovenian=\language30
\l@classiclatin=\language31
\l@monogreek=\language32
\l@swedish=\language33
)
(/usr/share/texlive/texmf-dist/tex/generic/babel-english/english.ldf
Language: english 2017/06/06 v3.3r English support from the babel system

(/usr/share/texlive/texmf-dist/tex/generic/babel/babel.def
File: babel.def 2018/02/14 3.18 Babel common definitions
\babel@savecnt=\count181
\U@D=\dimen134

(/usr/share/texlive/texmf-dist/tex/generic/babel/luababel.def))
\l@british = a dialect from \language\l@english 
\l@UKenglish = a dialect from \language\l@english 
\l@canadian = a dialect from \language\l@american 
\l@australian = a dialect from \language\l@british 
\l@newzealand = a dialect from \language\l@british 
)
(/usr/share/texlive/texmf-dist/tex/generic/babel-hungarian/magyar.ldf
Language: magyar 2017/08/30 v1.5c Magyar support from the babel v3.7 system
Package babel Info: Making ` an active character on input line 2801.
\c@footnote@add=\count182
\c@footnote@ch=\count183

(/usr/share/texlive/texmf-dist/tex/generic/hyph-utf8/loadhyph/loadhyph-hu.tex
UTF-8 Hungarian hyphenation patterns (v20110815)
(/usr/share/texlive/texmf-dist/tex/generic/hyph-utf8/patterns/tex/hyph-hu.tex
Huhyphn - hungarian hyphenation patterns v20110815))))
(/usr/share/texlive/texmf-dist/tex/latex/fontspec/fontspec.sty
Package: fontspec 2017/11/09 v2.6g Font selection for XeLaTeX and LuaLaTeX
Lua module: fontspec 2017/11/09 2.6g Font selection for XeLaTeX and LuaLaTeX
(/usr/share/texlive/texmf-dist/tex/latex/fontspec/fontspec-luatex.sty
Package: fontspec-luatex 2017/11/09 v2.6g Font selection for XeLaTeX and LuaLaTe
X
\l__fontspec_script_int=\count184
\l__fontspec_language_int=\count185
\l__fontspec_strnum_int=\count186
\l__fontspec_tmp_int=\count187
\l__fontspec_em_int=\count188
\l__fontspec_emdef_int=\count189
\l__fontspec_strong_int=\count190
\l__fontspec_strongdef_int=\count191
\l__fontspec_tmpa_dim=\dimen135
\l__fontspec_tmpb_dim=\dimen136
\l__fontspec_tmpc_dim=\dimen137
\g__file_internal_ior=\read1

(/usr/share/texlive/texmf-dist/tex/latex/base/fontenc.sty
Package: fontenc 2017/04/05 v2.0i Standard LaTeX package

(/usr/share/texlive/texmf-dist/tex/latex/base/tuenc.def
File: tuenc.def 2017/04/05 v2.0i Standard LaTeX file
LaTeX Font Info:    Redeclaring font encoding TU on input line 82.
))
.................................................
. LaTeX info: "xparse/define-command"
. 
. Defining command \fontspec with sig. 'O{}mO{}' on line 545.
.................................................
.................................................
. LaTeX info: "xparse/define-command"
. 
. Defining command \setmainfont with sig. 'O{}mO{}' on line 549.
.................................................
.................................................
. LaTeX info: "xparse/define-command"
. 
. Defining command \setsansfont with sig. 'O{}mO{}' on line 553.
.................................................
.................................................
. LaTeX info: "xparse/define-command"
. 
. Defining command \setmonofont with sig. 'O{}mO{}' on line 557.
.................................................
.................................................
. LaTeX info: "xparse/define-command"
. 
. Defining command \setmathrm with sig. 'O{}mO{}' on line 561.
.................................................
.................................................
. LaTeX info: "xparse/define-command"
. 
. Defining command \setboldmathrm with sig. 'O{}mO{}' on line 565.
.................................................
.................................................
. LaTeX info: "xparse/define-command"
. 
. Defining command \setmathsf with sig. 'O{}mO{}' on line 569.
.................................................
.................................................
. LaTeX info: "xparse/define-command"
. 
. Defining command \setmathtt with sig. 'O{}mO{}' on line 573.
.................................................
.................................................
. LaTeX info: "xparse/define-command"
. 
. Defining command \setromanfont with sig. 'O{}mO{}' on line 577.
.................................................
.................................................
. LaTeX info: "xparse/define-command"
. 
. Defining command \newfontfamily with sig. 'mO{}mO{}' on line 581.
.................................................
.................................................
. LaTeX info: "xparse/define-command"
. 
. Defining command \newfontface with sig. 'mO{}mO{}' on line 585.
.................................................
.................................................
. LaTeX info: "xparse/define-command"
. 
. Defining command \defaultfontfeatures with sig. 't+om' on line 589.
.................................................
.................................................
. LaTeX info: "xparse/define-command"
. 
. Defining command \addfontfeatures with sig. 'm' on line 593.
.................................................
.................................................
. LaTeX info: "xparse/define-command"
. 
. Defining command \addfontfeature with sig. 'm' on line 597.
.................................................
.................................................
. LaTeX info: "xparse/define-command"
. 
. Defining command \newfontfeature with sig. 'mm' on line 601.
.................................................
.................................................
. LaTeX info: "xparse/define-command"
. 
. Defining command \newAATfeature with sig. 'mmmm' on line 605.
.................................................
.................................................
. LaTeX info: "xparse/define-command"
. 
. Defining command \newopentypefeature with sig. 'mmm' on line 609.
.................................................
.................................................
. LaTeX info: "xparse/define-command"
. 
. Defining command \newICUfeature with sig. 'mmm' on line 613.
.................................................
.................................................
. LaTeX info: "xparse/define-command"
. 
. Defining command \aliasfontfeature with sig. 'mm' on line 617.
.................................................
.................................................
. LaTeX info: "xparse/define-command"
. 
. Defining command \aliasfontfeatureoption with sig. 'mmm' on line 621.
.................................................
.................................................
. LaTeX info: "xparse/define-command"
. 
. Defining command \newfontscript with sig. 'mm' on line 625.
.................................................
.................................................
. LaTeX info: "xparse/define-command"
. 
. Defining command \newfontlanguage with sig. 'mm' on line 629.
.................................................
.................................................
. LaTeX info: "xparse/define-command"
. 
. Defining command \DeclareFontsExtensions with sig. 'm' on line 633.
.................................................
.................................................
. LaTeX info: "xparse/define-command"
. 
. Defining command \IfFontFeatureActiveTF with sig. 'mmm' on line 637.
.................................................
.................................................
. LaTeX info: "xparse/define-command"
. 
. Defining command \EncodingCommand with sig. 'mO{}m' on line 3366.
.................................................
.................................................
. LaTeX info: "xparse/define-command"
. 
. Defining command \EncodingAccent with sig. 'mm' on line 3372.
.................................................
.................................................
. LaTeX info: "xparse/define-command"
. 
. Defining command \EncodingSymbol with sig. 'mm' on line 3378.
.................................................
.................................................
. LaTeX info: "xparse/define-command"
. 
. Defining command \EncodingComposite with sig. 'mmm' on line 3384.
.................................................
.................................................
. LaTeX info: "xparse/define-command"
. 
. Defining command \EncodingCompositeCommand with sig. 'mmm' on line 3390.
.................................................
.................................................
. LaTeX info: "xparse/define-command"
. 
. Defining command \DeclareUnicodeEncoding with sig. 'mm' on line 3415.
.................................................
.................................................
. LaTeX info: "xparse/define-command"
. 
. Defining command \UndeclareSymbol with sig. 'm' on line 3421.
.................................................
.................................................
. LaTeX info: "xparse/define-command"
. 
. Defining command \UndeclareAccent with sig. 'm' on line 3427.
.................................................
.................................................
. LaTeX info: "xparse/define-command"
. 
. Defining command \UndeclareCommand with sig. 'm' on line 3433.
.................................................
.................................................
. LaTeX info: "xparse/define-command"
. 
. Defining command \UndeclareComposite with sig. 'mm' on line 3440.
.................................................

(/usr/share/texlive/texmf-dist/tex/latex/fontspec/fontspec.cfg)
LaTeX Info: Redefining \itshape on input line 3625.
LaTeX Info: Redefining \slshape on input line 3630.
LaTeX Info: Redefining \scshape on input line 3635.
LaTeX Info: Redefining \upshape on input line 3640.
LaTeX Info: Redefining \em on input line 3670.
LaTeX Info: Redefining \emph on input line 3695.
(load luc: /home/fater/.texlive2017/texmf-var/luatex-cache/generic/fonts/otl/lmr
oman10-bold.luc)(load luc: /home/fater/.texlive2017/texmf-var/luatex-cache/gener
ic/fonts/otl/lmroman10-italic.luc)
LaTeX Info: Redefining \- on input line 3749.
.................................................
. LaTeX info: "xparse/redefine-command"
. 
. Redefining command \oldstylenums with sig. 'm' on line 3844.
.................................................
.................................................
. LaTeX info: "xparse/define-command"
. 
. Defining command \liningnums with sig. 'm' on line 3848.
.................................................
))
(/usr/share/texlive/texmf-dist/tex/latex/apacite/apacite.sty
Package: apacite 2013/07/21 v6.03 APA citation
\c@BibCnt=\count192
\bibleftmargin=\skip49
\bibindent=\skip50
\bibparsep=\skip51
\bibitemsep=\skip52
\biblabelsep=\skip53
)
(/usr/share/texlive/texmf-dist/tex/lualatex/luacode/luacode.sty
Package: luacode 2012/01/23 v1.2a lua-in-tex helpers (mpg)

(/usr/share/texlive/texmf-dist/tex/generic/oberdiek/ifluatex.sty
Package: ifluatex 2016/05/16 v1.4 Provides the ifluatex switch (HO)
Package ifluatex Info: LuaTeX detected.
)
(/usr/share/texlive/texmf-dist/tex/luatex/luatexbase/luatexbase.sty
Package: luatexbase 2015/10/04 v1.3 luatexbase interface to LuaTeX 

(/usr/share/texlive/texmf-dist/tex/luatex/ctablestack/ctablestack.sty
Package: ctablestack 2015/10/01 v1.0 Catcode table stable support
\@catcodetablestackcnt=\count193
)
\CatcodeTableOther=\catcodetable6
\CatcodeTableExpl=\catcodetable7
)
\luacode@lines=\toks16
\luacode@table@soft=\catcodetable8
)
(/usr/share/texlive/texmf-dist/tex/latex/pgf/frontendlayer/tikz.sty
(/usr/share/texlive/texmf-dist/tex/latex/pgf/basiclayer/pgf.sty
(/usr/share/texlive/texmf-dist/tex/latex/pgf/utilities/pgfrcs.sty
(/usr/share/texlive/texmf-dist/tex/generic/pgf/utilities/pgfutil-common.tex
\pgfutil@everybye=\toks17
\pgfutil@tempdima=\dimen138
\pgfutil@tempdimb=\dimen139

(/usr/share/texlive/texmf-dist/tex/generic/pgf/utilities/pgfutil-common-lists.t
ex)) (/usr/share/texlive/texmf-dist/tex/generic/pgf/utilities/pgfutil-latex.def
\pgfutil@abb=\box42
(/usr/share/texlive/texmf-dist/tex/latex/ms/everyshi.sty
Package: everyshi 2001/05/15 v3.00 EveryShipout Package (MS)
))
(/usr/share/texlive/texmf-dist/tex/generic/pgf/utilities/pgfrcs.code.tex
Package: pgfrcs 2015/08/07 v3.0.1a (rcs-revision 1.31)
))
Package: pgf 2015/08/07 v3.0.1a (rcs-revision 1.15)

(/usr/share/texlive/texmf-dist/tex/latex/pgf/basiclayer/pgfcore.sty
(/usr/share/texlive/texmf-dist/tex/latex/graphics/graphicx.sty
Package: graphicx 2017/06/01 v1.1a Enhanced LaTeX Graphics (DPC,SPQR)

(/usr/share/texlive/texmf-dist/tex/latex/graphics/graphics.sty
Package: graphics 2017/06/25 v1.2c Standard LaTeX Graphics (DPC,SPQR)

(/usr/share/texlive/texmf-dist/tex/latex/graphics/trig.sty
Package: trig 2016/01/03 v1.10 sin cos tan (DPC)
)
(/usr/share/texlive/texmf-dist/tex/latex/graphics-cfg/graphics.cfg
File: graphics.cfg 2016/06/04 v1.11 sample graphics configuration
)
Package graphics Info: Driver file: luatex.def on input line 99.

(/usr/share/texlive/texmf-dist/tex/latex/graphics-def/luatex.def
File: luatex.def 2018/01/08 v1.0l Graphics/color driver for luatex
))
\Gin@req@height=\dimen140
\Gin@req@width=\dimen141
)
(/usr/share/texlive/texmf-dist/tex/latex/pgf/systemlayer/pgfsys.sty
(/usr/share/texlive/texmf-dist/tex/generic/pgf/systemlayer/pgfsys.code.tex
Package: pgfsys 2014/07/09 v3.0.1a (rcs-revision 1.48)

(/usr/share/texlive/texmf-dist/tex/generic/pgf/utilities/pgfkeys.code.tex
\pgfkeys@pathtoks=\toks18
\pgfkeys@temptoks=\toks19

(/usr/share/texlive/texmf-dist/tex/generic/pgf/utilities/pgfkeysfiltered.code.t
ex
\pgfkeys@tmptoks=\toks20
))
\pgf@x=\dimen142
\pgf@y=\dimen143
\pgf@xa=\dimen144
\pgf@ya=\dimen145
\pgf@xb=\dimen146
\pgf@yb=\dimen147
\pgf@xc=\dimen148
\pgf@yc=\dimen149
\w@pgf@writea=\write3
\r@pgf@reada=\read2
\c@pgf@counta=\count194
\c@pgf@countb=\count195
\c@pgf@countc=\count196
\c@pgf@countd=\count197
\t@pgf@toka=\toks21
\t@pgf@tokb=\toks22
\t@pgf@tokc=\toks23
 (/usr/share/texlive/texmf-dist/tex/generic/pgf/systemlayer/pgf.cfg
File: pgf.cfg 2008/05/14  (rcs-revision 1.7)
)
Driver file for pgf: pgfsys-luatex.def

(/usr/share/texlive/texmf-dist/tex/generic/pgf/systemlayer/pgfsys-luatex.def
File: pgfsys-luatex.def 2014/10/11  (rcs-revision 1.35)

(/usr/share/texlive/texmf-dist/tex/generic/pgf/systemlayer/pgfsys-common-pdf.de
f
File: pgfsys-common-pdf.def 2013/10/10  (rcs-revision 1.13)
)))
(/usr/share/texlive/texmf-dist/tex/generic/pgf/systemlayer/pgfsyssoftpath.code.
tex
File: pgfsyssoftpath.code.tex 2013/09/09  (rcs-revision 1.9)
\pgfsyssoftpath@smallbuffer@items=\count198
\pgfsyssoftpath@bigbuffer@items=\count199
)
(/usr/share/texlive/texmf-dist/tex/generic/pgf/systemlayer/pgfsysprotocol.code.
tex
File: pgfsysprotocol.code.tex 2006/10/16  (rcs-revision 1.4)
)) (/usr/share/texlive/texmf-dist/tex/latex/xcolor/xcolor.sty
Package: xcolor 2016/05/11 v2.12 LaTeX color extensions (UK)

(/usr/share/texlive/texmf-dist/tex/latex/graphics-cfg/color.cfg
File: color.cfg 2016/01/02 v1.6 sample color configuration
)
Package xcolor Info: Driver file: luatex.def on input line 225.
Package xcolor Info: Model `cmy' substituted by `cmy0' on input line 1348.
Package xcolor Info: Model `hsb' substituted by `rgb' on input line 1352.
Package xcolor Info: Model `RGB' extended on input line 1364.
Package xcolor Info: Model `HTML' substituted by `rgb' on input line 1366.
Package xcolor Info: Model `Hsb' substituted by `hsb' on input line 1367.
Package xcolor Info: Model `tHsb' substituted by `hsb' on input line 1368.
Package xcolor Info: Model `HSB' substituted by `hsb' on input line 1369.
Package xcolor Info: Model `Gray' substituted by `gray' on input line 1370.
Package xcolor Info: Model `wave' substituted by `hsb' on input line 1371.
)
(/usr/share/texlive/texmf-dist/tex/generic/pgf/basiclayer/pgfcore.code.tex
Package: pgfcore 2010/04/11 v3.0.1a (rcs-revision 1.7)

(/usr/share/texlive/texmf-dist/tex/generic/pgf/math/pgfmath.code.tex
(/usr/share/texlive/texmf-dist/tex/generic/pgf/math/pgfmathcalc.code.tex
(/usr/share/texlive/texmf-dist/tex/generic/pgf/math/pgfmathutil.code.tex)
(/usr/share/texlive/texmf-dist/tex/generic/pgf/math/pgfmathparser.code.tex
\pgfmath@dimen=\dimen150
\pgfmath@count=\count266
\pgfmath@box=\box43
\pgfmath@toks=\toks24
\pgfmath@stack@operand=\toks25
\pgfmath@stack@operation=\toks26
)
(/usr/share/texlive/texmf-dist/tex/generic/pgf/math/pgfmathfunctions.code.tex
(/usr/share/texlive/texmf-dist/tex/generic/pgf/math/pgfmathfunctions.basic.code
.tex)
(/usr/share/texlive/texmf-dist/tex/generic/pgf/math/pgfmathfunctions.trigonomet
ric.code.tex)
(/usr/share/texlive/texmf-dist/tex/generic/pgf/math/pgfmathfunctions.random.cod
e.tex)
(/usr/share/texlive/texmf-dist/tex/generic/pgf/math/pgfmathfunctions.comparison
.code.tex)
(/usr/share/texlive/texmf-dist/tex/generic/pgf/math/pgfmathfunctions.base.code.
tex)
(/usr/share/texlive/texmf-dist/tex/generic/pgf/math/pgfmathfunctions.round.code
.tex)
(/usr/share/texlive/texmf-dist/tex/generic/pgf/math/pgfmathfunctions.misc.code.
tex)
(/usr/share/texlive/texmf-dist/tex/generic/pgf/math/pgfmathfunctions.integerari
thmetics.code.tex)))
(/usr/share/texlive/texmf-dist/tex/generic/pgf/math/pgfmathfloat.code.tex
\c@pgfmathroundto@lastzeros=\count267
))
(/usr/share/texlive/texmf-dist/tex/generic/pgf/basiclayer/pgfcorepoints.code.te
x
File: pgfcorepoints.code.tex 2013/10/07  (rcs-revision 1.27)
\pgf@picminx=\dimen151
\pgf@picmaxx=\dimen152
\pgf@picminy=\dimen153
\pgf@picmaxy=\dimen154
\pgf@pathminx=\dimen155
\pgf@pathmaxx=\dimen156
\pgf@pathminy=\dimen157
\pgf@pathmaxy=\dimen158
\pgf@xx=\dimen159
\pgf@xy=\dimen160
\pgf@yx=\dimen161
\pgf@yy=\dimen162
\pgf@zx=\dimen163
\pgf@zy=\dimen164
)
(/usr/share/texlive/texmf-dist/tex/generic/pgf/basiclayer/pgfcorepathconstruct.
code.tex
File: pgfcorepathconstruct.code.tex 2013/10/07  (rcs-revision 1.29)
\pgf@path@lastx=\dimen165
\pgf@path@lasty=\dimen166
)
(/usr/share/texlive/texmf-dist/tex/generic/pgf/basiclayer/pgfcorepathusage.code
.tex
File: pgfcorepathusage.code.tex 2014/11/02  (rcs-revision 1.24)
\pgf@shorten@end@additional=\dimen167
\pgf@shorten@start@additional=\dimen168
)
(/usr/share/texlive/texmf-dist/tex/generic/pgf/basiclayer/pgfcorescopes.code.te
x
File: pgfcorescopes.code.tex 2015/05/08  (rcs-revision 1.46)
\pgfpic=\box44
\pgf@hbox=\box45
\pgf@layerbox@main=\box46
\pgf@picture@serial@count=\count268
)
(/usr/share/texlive/texmf-dist/tex/generic/pgf/basiclayer/pgfcoregraphicstate.c
ode.tex
File: pgfcoregraphicstate.code.tex 2014/11/02  (rcs-revision 1.12)
\pgflinewidth=\dimen169
)
(/usr/share/texlive/texmf-dist/tex/generic/pgf/basiclayer/pgfcoretransformation
s.code.tex
File: pgfcoretransformations.code.tex 2015/08/07  (rcs-revision 1.20)
\pgf@pt@x=\dimen170
\pgf@pt@y=\dimen171
\pgf@pt@temp=\dimen172
)
(/usr/share/texlive/texmf-dist/tex/generic/pgf/basiclayer/pgfcorequick.code.tex
File: pgfcorequick.code.tex 2008/10/09  (rcs-revision 1.3)
)
(/usr/share/texlive/texmf-dist/tex/generic/pgf/basiclayer/pgfcoreobjects.code.t
ex
File: pgfcoreobjects.code.tex 2006/10/11  (rcs-revision 1.2)
)
(/usr/share/texlive/texmf-dist/tex/generic/pgf/basiclayer/pgfcorepathprocessing
.code.tex
File: pgfcorepathprocessing.code.tex 2013/09/09  (rcs-revision 1.9)
)
(/usr/share/texlive/texmf-dist/tex/generic/pgf/basiclayer/pgfcorearrows.code.te
x
File: pgfcorearrows.code.tex 2015/05/14  (rcs-revision 1.43)
\pgfarrowsep=\dimen173
)
(/usr/share/texlive/texmf-dist/tex/generic/pgf/basiclayer/pgfcoreshade.code.tex
File: pgfcoreshade.code.tex 2013/07/15  (rcs-revision 1.15)
\pgf@max=\dimen174
\pgf@sys@shading@range@num=\count269
)
(/usr/share/texlive/texmf-dist/tex/generic/pgf/basiclayer/pgfcoreimage.code.tex
File: pgfcoreimage.code.tex 2013/07/15  (rcs-revision 1.18)

(/usr/share/texlive/texmf-dist/tex/generic/pgf/basiclayer/pgfcoreexternal.code.
tex
File: pgfcoreexternal.code.tex 2014/07/09  (rcs-revision 1.21)
\pgfexternal@startupbox=\box47
))
(/usr/share/texlive/texmf-dist/tex/generic/pgf/basiclayer/pgfcorelayers.code.te
x
File: pgfcorelayers.code.tex 2013/07/18  (rcs-revision 1.7)
)
(/usr/share/texlive/texmf-dist/tex/generic/pgf/basiclayer/pgfcoretransparency.c
ode.tex
File: pgfcoretransparency.code.tex 2013/09/30  (rcs-revision 1.5)
)
(/usr/share/texlive/texmf-dist/tex/generic/pgf/basiclayer/pgfcorepatterns.code.
tex
File: pgfcorepatterns.code.tex 2013/11/07  (rcs-revision 1.5)
)))
(/usr/share/texlive/texmf-dist/tex/generic/pgf/modules/pgfmoduleshapes.code.tex
File: pgfmoduleshapes.code.tex 2014/03/21  (rcs-revision 1.35)
\pgfnodeparttextbox=\box48
) (/usr/share/texlive/texmf-dist/tex/generic/pgf/modules/pgfmoduleplot.code.tex
File: pgfmoduleplot.code.tex 2015/08/03  (rcs-revision 1.13)
)
(/usr/share/texlive/texmf-dist/tex/latex/pgf/compatibility/pgfcomp-version-0-65
.sty
Package: pgfcomp-version-0-65 2007/07/03 v3.0.1a (rcs-revision 1.7)
\pgf@nodesepstart=\dimen175
\pgf@nodesepend=\dimen176
)
(/usr/share/texlive/texmf-dist/tex/latex/pgf/compatibility/pgfcomp-version-1-18
.sty
Package: pgfcomp-version-1-18 2007/07/23 v3.0.1a (rcs-revision 1.1)
)) (/usr/share/texlive/texmf-dist/tex/latex/pgf/utilities/pgffor.sty
(/usr/share/texlive/texmf-dist/tex/latex/pgf/utilities/pgfkeys.sty
(/usr/share/texlive/texmf-dist/tex/generic/pgf/utilities/pgfkeys.code.tex))
(/usr/share/texlive/texmf-dist/tex/latex/pgf/math/pgfmath.sty
(/usr/share/texlive/texmf-dist/tex/generic/pgf/math/pgfmath.code.tex))
(/usr/share/texlive/texmf-dist/tex/generic/pgf/utilities/pgffor.code.tex
Package: pgffor 2013/12/13 v3.0.1a (rcs-revision 1.25)

(/usr/share/texlive/texmf-dist/tex/generic/pgf/math/pgfmath.code.tex)
\pgffor@iter=\dimen177
\pgffor@skip=\dimen178
\pgffor@stack=\toks27
\pgffor@toks=\toks28
))
(/usr/share/texlive/texmf-dist/tex/generic/pgf/frontendlayer/tikz/tikz.code.tex
Package: tikz 2015/08/07 v3.0.1a (rcs-revision 1.151)

(/usr/share/texlive/texmf-dist/tex/generic/pgf/libraries/pgflibraryplothandlers
.code.tex
File: pgflibraryplothandlers.code.tex 2013/08/31 v3.0.1a (rcs-revision 1.20)
\pgf@plot@mark@count=\count270
\pgfplotmarksize=\dimen179
)
\tikz@lastx=\dimen180
\tikz@lasty=\dimen181
\tikz@lastxsaved=\dimen182
\tikz@lastysaved=\dimen183
\tikzleveldistance=\dimen184
\tikzsiblingdistance=\dimen185
\tikz@figbox=\box49
\tikz@figbox@bg=\box50
\tikz@tempbox=\box51
\tikz@tempbox@bg=\box52
\tikztreelevel=\count271
\tikznumberofchildren=\count272
\tikznumberofcurrentchild=\count273
\tikz@fig@count=\count274

(/usr/share/texlive/texmf-dist/tex/generic/pgf/modules/pgfmodulematrix.code.tex
File: pgfmodulematrix.code.tex 2013/09/17  (rcs-revision 1.8)
\pgfmatrixcurrentrow=\count275
\pgfmatrixcurrentcolumn=\count276
\pgf@matrix@numberofcolumns=\count277
)
\tikz@expandcount=\count278

(/usr/share/texlive/texmf-dist/tex/generic/pgf/frontendlayer/tikz/libraries/tik
zlibrarytopaths.code.tex
File: tikzlibrarytopaths.code.tex 2008/06/17 v3.0.1a (rcs-revision 1.2)
)))
(/usr/share/texlive/texmf-dist/tex/generic/pgf/frontendlayer/tikz/libraries/tik
zlibrarypositioning.code.tex
File: tikzlibrarypositioning.code.tex 2008/10/06 v3.0.1a (rcs-revision 1.7)
)
(/usr/share/texlive/texmf-dist/tex/latex/url/url.sty
\Urlmuskip=\muskip16
Package: url 2013/09/16  ver 3.4  Verb mode for urls, etc.
)
(/usr/share/texlive/texmf-dist/tex/latex/metalogo/metalogo.sty
Package: metalogo 2010/05/29 v0.12 Extended TeX logo macros

(/usr/share/texlive/texmf-dist/tex/generic/ifxetex/ifxetex.sty
Package: ifxetex 2010/09/12 v0.6 Provides ifxetex conditional
)
\xl@everylogo=\toks29
\xl@@everylogo=\toks30
LaTeX Info: Redefining \TeX on input line 193.
LaTeX Info: Redefining \LaTeX on input line 202.
LaTeX Info: Redefining \LaTeXe on input line 219.
)
(/usr/share/texlive/texmf-dist/tex/latex/listings/listings.sty
\lst@mode=\count279
\lst@gtempboxa=\box53
\lst@token=\toks31
\lst@length=\count280
\lst@currlwidth=\dimen186
\lst@column=\count281
\lst@pos=\count282
\lst@lostspace=\dimen187
\lst@width=\dimen188
\lst@newlines=\count283
\lst@lineno=\count284
\lst@maxwidth=\dimen189

(/usr/share/texlive/texmf-dist/tex/latex/listings/lstmisc.sty
File: lstmisc.sty 2015/06/04 1.6 (Carsten Heinz)
\c@lstnumber=\count285
\lst@skipnumbers=\count286
\lst@framebox=\box54
)
(/usr/share/texlive/texmf-dist/tex/latex/listings/listings.cfg
File: listings.cfg 2015/06/04 1.6 listings configuration
))
Package: listings 2015/06/04 1.6 (Carsten Heinz)

(/usr/share/texlive/texmf-dist/tex/latex/adjustbox/adjustbox.sty
Package: adjustbox 2012/05/21 v1.0 Adjusting TeX boxes (trim, clip, ...)

(/usr/share/texlive/texmf-dist/tex/latex/xkeyval/xkeyval.sty
Package: xkeyval 2014/12/03 v2.7a package option processing (HA)

(/usr/share/texlive/texmf-dist/tex/generic/xkeyval/xkeyval.tex
(/usr/share/texlive/texmf-dist/tex/generic/xkeyval/xkvutils.tex
\XKV@toks=\toks32
\XKV@tempa@toks=\toks33
)
\XKV@depth=\count287
File: xkeyval.tex 2014/12/03 v2.7a key=value parser (HA)
))
(/usr/share/texlive/texmf-dist/tex/latex/adjustbox/adjcalc.sty
Package: adjcalc 2012/05/16 v1.1 Provides advanced setlength with multiple back-
ends (calc, etex, pgfmath)
)
(/usr/share/texlive/texmf-dist/tex/latex/adjustbox/trimclip.sty
Package: trimclip 2012/05/16 v1.0 Trim and clip general TeX material

(/usr/share/texlive/texmf-dist/tex/latex/collectbox/collectbox.sty
Package: collectbox 2012/05/17 v0.4b Collect macro arguments as boxes
\collectedbox=\box55
)
\tc@llx=\dimen190
\tc@lly=\dimen191
\tc@urx=\dimen192
\tc@ury=\dimen193

(/usr/share/texlive/texmf-dist/tex/latex/adjustbox/tc-pgf.def
File: tc-pgf.def 2012/05/13 v1.0 trimclip fall-back clipping driver using PGF
)
Package trimclip Info: No clipping driver 'tc-luatex.def' available.
(trimclip)             Using fall-back PGF driver.
)
\adjbox@Width=\dimen194
\adjbox@Height=\dimen195
\adjbox@Depth=\dimen196
\adjbox@Totalheight=\dimen197

(/usr/share/texlive/texmf-dist/tex/latex/ifoddpage/ifoddpage.sty
Package: ifoddpage 2016/04/23 v1.1 Conditionals for odd/even page detection
\c@checkoddpage=\count288
)
(/usr/share/texlive/texmf-dist/tex/latex/varwidth/varwidth.sty
Package: varwidth 2009/03/30 ver 0.92;  Variable-width minipages
\@vwid@box=\box56
\sift@deathcycles=\count289
\@vwid@loff=\dimen198
\@vwid@roff=\dimen199
))
(/usr/share/texlive/texmf-dist/tex/latex/seqsplit/seqsplit.sty
Package: seqsplit 2006/08/07 v0.1 Splitting long sequences (DNA, RNA, proteins, 
etc.) 
)
Package csquotes Info: Checking for multilingual support...
Package csquotes Info: ... found 'babel' package.
Package csquotes Info: Adjusting default style.


Package csquotes Warning: No style for language 'magyar'.
(csquotes)                Using fallback style on input line 59.

Package csquotes Info: Redefining alias 'default' -> 'fallback'.
(./vis_prel_para.aux

LaTeX Warning: Label `figpara6' multiply defined.

)
\openout1 = vis_prel_para.aux

LaTeX Font Info:    Checking defaults for OML/cmm/m/it on input line 59.
LaTeX Font Info:    ... okay on input line 59.
LaTeX Font Info:    Checking defaults for T1/cmr/m/n on input line 59.
LaTeX Font Info:    ... okay on input line 59.
LaTeX Font Info:    Checking defaults for OT1/cmr/m/n on input line 59.
LaTeX Font Info:    ... okay on input line 59.
LaTeX Font Info:    Checking defaults for OMS/cmsy/m/n on input line 59.
LaTeX Font Info:    ... okay on input line 59.
LaTeX Font Info:    Checking defaults for TU/lmr/m/n on input line 59.
LaTeX Font Info:    ... okay on input line 59.
LaTeX Font Info:    Checking defaults for OMX/cmex/m/n on input line 59.
LaTeX Font Info:    ... okay on input line 59.
LaTeX Font Info:    Checking defaults for U/cmr/m/n on input line 59.
LaTeX Font Info:    ... okay on input line 59.


LaTeX Warning: Please use \usepackage{t1enc} with
               \usepackage[magyar]{babel}, to get accented chars hyphenated.


LaTeX Warning: Please use \usepackage[latin2]{inputenc}
               or \usepackage[utf8]{inputenc}
               with \usepackage[magyar]{babel}.

.................................................
. fontspec info: "setup-math"
. 
. Adjusting the maths setup (use [no-math] to avoid this).
.................................................
\symlegacymaths=\mathgroup4
LaTeX Font Info:    Overwriting symbol font `legacymaths' in version `bold'
(Font)                  OT1/cmr/m/n --> OT1/cmr/bx/n on input line 59.
LaTeX Font Info:    Redeclaring math accent \acute on input line 59.
LaTeX Font Info:    Redeclaring math accent \grave on input line 59.
LaTeX Font Info:    Redeclaring math accent \ddot on input line 59.
LaTeX Font Info:    Redeclaring math accent \tilde on input line 59.
LaTeX Font Info:    Redeclaring math accent \bar on input line 59.
LaTeX Font Info:    Redeclaring math accent \breve on input line 59.
LaTeX Font Info:    Redeclaring math accent \check on input line 59.
LaTeX Font Info:    Redeclaring math accent \hat on input line 59.
LaTeX Font Info:    Redeclaring math accent \dot on input line 59.
LaTeX Font Info:    Redeclaring math accent \mathring on input line 59.
LaTeX Font Info:    Redeclaring math symbol \colon on input line 59.
LaTeX Font Info:    Redeclaring math symbol \Gamma on input line 59.
LaTeX Font Info:    Redeclaring math symbol \Delta on input line 59.
LaTeX Font Info:    Redeclaring math symbol \Theta on input line 59.
LaTeX Font Info:    Redeclaring math symbol \Lambda on input line 59.
LaTeX Font Info:    Redeclaring math symbol \Xi on input line 59.
LaTeX Font Info:    Redeclaring math symbol \Pi on input line 59.
LaTeX Font Info:    Redeclaring math symbol \Sigma on input line 59.
LaTeX Font Info:    Redeclaring math symbol \Upsilon on input line 59.
LaTeX Font Info:    Redeclaring math symbol \Phi on input line 59.
LaTeX Font Info:    Redeclaring math symbol \Psi on input line 59.
LaTeX Font Info:    Redeclaring math symbol \Omega on input line 59.
LaTeX Font Info:    Redeclaring math symbol \mathdollar on input line 59.
LaTeX Font Info:    Redeclaring symbol font `operators' on input line 59.
LaTeX Font Info:    Encoding `OT1' has changed to `TU' for symbol font
(Font)              `operators' in the math version `normal' on input line 59.
LaTeX Font Info:    Overwriting symbol font `operators' in version `normal'
(Font)                  OT1/cmr/m/n --> TU/lmr/m/n on input line 59.
LaTeX Font Info:    Encoding `OT1' has changed to `TU' for symbol font
(Font)              `operators' in the math version `bold' on input line 59.
LaTeX Font Info:    Overwriting symbol font `operators' in version `bold'
(Font)                  OT1/cmr/bx/n --> TU/lmr/m/n on input line 59.
LaTeX Font Info:    Overwriting symbol font `operators' in version `normal'
(Font)                  TU/lmr/m/n --> TU/lmr/m/n on input line 59.
LaTeX Font Info:    Overwriting math alphabet `\mathit' in version `normal'
(Font)                  OT1/cmr/m/it --> TU/lmr/m/it on input line 59.
LaTeX Font Info:    Overwriting math alphabet `\mathbf' in version `normal'
(Font)                  OT1/cmr/bx/n --> TU/lmr/bx/n on input line 59.
LaTeX Font Info:    Overwriting math alphabet `\mathsf' in version `normal'
(Font)                  OT1/cmss/m/n --> TU/lmss/m/n on input line 59.
LaTeX Font Info:    Overwriting math alphabet `\mathtt' in version `normal'
(Font)                  OT1/cmtt/m/n --> TU/lmtt/m/n on input line 59.
LaTeX Font Info:    Overwriting symbol font `operators' in version `bold'
(Font)                  TU/lmr/m/n --> TU/lmr/bx/n on input line 59.
LaTeX Font Info:    Overwriting math alphabet `\mathit' in version `bold'
(Font)                  OT1/cmr/bx/it --> TU/lmr/bx/it on input line 59.
LaTeX Font Info:    Overwriting math alphabet `\mathsf' in version `bold'
(Font)                  OT1/cmss/bx/n --> TU/lmss/bx/n on input line 59.
LaTeX Font Info:    Overwriting math alphabet `\mathtt' in version `bold'
(Font)                  OT1/cmtt/m/n --> TU/lmtt/bx/n on input line 59.
\c@maskedRefs=\count290

Package apacite Warning: No suitable language definition file (magyar.apc) found
.

ABD: EveryShipout initializing macros
(/usr/share/texlive/texmf-dist/tex/context/base/mkii/supp-pdf.mkii
[Loading MPS to PDF converter (version 2006.09.02).]
\scratchcounter=\count291
\scratchdimen=\dimen256
\scratchbox=\box57
\nofMPsegments=\count292
\nofMParguments=\count293
\everyMPshowfont=\toks34
\MPscratchCnt=\count294
\MPscratchDim=\dimen257
\MPnumerator=\count295
\makeMPintoPDFobject=\count296
\everyMPtoPDFconversion=\toks35
) (/usr/share/texlive/texmf-dist/tex/latex/oberdiek/epstopdf-base.sty
Package: epstopdf-base 2016/05/15 v2.6 Base part for package epstopdf

(/usr/share/texlive/texmf-dist/tex/generic/oberdiek/infwarerr.sty
Package: infwarerr 2016/05/16 v1.4 Providing info/warning/error messages (HO)
)
(/usr/share/texlive/texmf-dist/tex/latex/oberdiek/grfext.sty
Package: grfext 2016/05/16 v1.2 Manage graphics extensions (HO)

(/usr/share/texlive/texmf-dist/tex/generic/oberdiek/kvdefinekeys.sty
Package: kvdefinekeys 2016/05/16 v1.4 Define keys (HO)

(/usr/share/texlive/texmf-dist/tex/generic/oberdiek/ltxcmds.sty
Package: ltxcmds 2016/05/16 v1.23 LaTeX kernel commands for general use (HO)
)))
(/usr/share/texlive/texmf-dist/tex/latex/oberdiek/kvoptions.sty
Package: kvoptions 2016/05/16 v3.12 Key value format for package options (HO)

(/usr/share/texlive/texmf-dist/tex/generic/oberdiek/kvsetkeys.sty
Package: kvsetkeys 2016/05/16 v1.17 Key value parser (HO)

(/usr/share/texlive/texmf-dist/tex/generic/oberdiek/etexcmds.sty
Package: etexcmds 2016/05/16 v1.6 Avoid name clashes with e-TeX commands (HO)
)))
(/usr/share/texlive/texmf-dist/tex/generic/oberdiek/pdftexcmds.sty
Package: pdftexcmds 2018/01/21 v0.26 Utility functions of pdfTeX for LuaTeX (HO)


(/usr/share/texlive/texmf-dist/tex/generic/oberdiek/ifpdf.sty
Package: ifpdf 2017/03/15 v3.2 Provides the ifpdf switch
)
Package pdftexcmds Info: \pdf@primitive is available.
Package pdftexcmds Info: \pdf@ifprimitive is available.
Package pdftexcmds Info: \pdfdraftmode found.
\pdftexcmds@toks=\toks36
)
Package epstopdf-base Info: Redefining graphics rule for `.eps' on input line 43
8.
Package grfext Info: Graphics extension search list:
(grfext)             [.pdf,.png,.jpg,.mps,.jpeg,.jbig2,.jb2,.PDF,.PNG,.JPG,.JPEG
,.JBIG2,.JB2,.eps]
(grfext)             \AppendGraphicsExtensions on input line 456.

(/usr/share/texlive/texmf-dist/tex/latex/latexconfig/epstopdf-sys.cfg
File: epstopdf-sys.cfg 2010/07/13 v1.3 Configuration of (r)epstopdf for TeX Live

))
\c@lstlisting=\count297

(/usr/share/texlive/texmf-dist/tex/latex/base/article.cls
LaTeX Info: Redefining \cal on input line 496.
LaTeX Info: Redefining \mit on input line 497.
)(load luc: /home/fater/.texlive2017/texmf-var/luatex-cache/generic/fonts/otl/lm
roman17-regular.luc)(load luc: /home/fater/.texlive2017/texmf-var/luatex-cache/g
eneric/fonts/otl/lmroman12-regular.luc)(load luc: /home/fater/.texlive2017/texmf
-var/luatex-cache/generic/fonts/otl/lmroman8-regular.luc)(load luc: /home/fater/
.texlive2017/texmf-var/luatex-cache/generic/fonts/otl/lmroman6-regular.luc)
LaTeX Font Info:    External font `cmex10' loaded for size
(Font)              <12> on input line 70.
LaTeX Font Info:    External font `cmex10' loaded for size
(Font)              <8> on input line 70.
LaTeX Font Info:    External font `cmex10' loaded for size
(Font)              <6> on input line 70.
(load luc: /home/fater/.texlive2017/texmf-var/luatex-cache/generic/fonts/otl/lmm
ono12-regular.luc)(load luc: /home/fater/.texlive2017/texmf-var/luatex-cache/gen
eric/fonts/otl/lmroman9-regular.luc)(load luc: /home/fater/.texlive2017/texmf-va
r/luatex-cache/generic/fonts/otl/lmroman9-bold.luc)

LaTeX Warning: Citation `PARAREPO' undefined on input line 73.


LaTeX Warning: Citation `MITEL' undefined on input line 73.


LaTeX Warning: Citation `SMNIST' undefined on input line 73.


LaTeX Warning: Citation `PARAREPO' undefined on input line 79.


LaTeX Warning: Citation `MITEL' undefined on input line 79.


LaTeX Warning: Citation `SMNIST' undefined on input line 79.

(load luc: /home/fater/.texlive2017/texmf-var/luatex-cache/generic/fonts/otl/lmr
oman12-bold.luc)

LaTeX Warning: Citation `CONPARA' undefined on input line 85.

(load luc: /home/fater/.texlive2017/texmf-var/luatex-cache/generic/fonts/otl/lmr
oman7-regular.luc)(load luc: /home/fater/.texlive2017/texmf-var/luatex-cache/gen
eric/fonts/otl/lmroman5-regular.luc)
LaTeX Font Info:    External font `cmex10' loaded for size
(Font)              <7> on input line 89.
LaTeX Font Info:    External font `cmex10' loaded for size
(Font)              <5> on input line 89.
(load luc: /home/fater/.texlive2017/texmf-var/luatex-cache/generic/fonts/otl/lmr
oman7-bold.luc)(load luc: /home/fater/.texlive2017/texmf-var/luatex-cache/generi
c/fonts/otl/lmmono10-regular.luc)
[1


{/var/lib/texmf/fonts/map/pdftex/updmap/pdftex.map}](load luc: /home/fater/.texl
ive2017/texmf-var/luatex-cache/generic/fonts/otl/lmroman8-bold.luc)(load luc: /h
ome/fater/.texlive2017/texmf-var/luatex-cache/generic/fonts/otl/lmmono8-regular.
luc)
Overfull \hbox (12.233pt too wide) in paragraph at lines 114--115
[][] 
 []

[2]
<para6exp2t.png, id=33, 642.4pt x 511.9125pt>
File: para6exp2t.png Graphic file (type png)
<use para6exp2t.png>
Package luatex.def Info: para6exp2t.png  used on input line 137.
(luatex.def)             Requested size: 160.59961pt x 127.97781pt.
<para6exp2.png, id=34, 642.4pt x 511.9125pt>
File: para6exp2.png Graphic file (type png)
<use para6exp2.png>
Package luatex.def Info: para6exp2.png  used on input line 139.
(luatex.def)             Requested size: 160.59961pt x 127.97781pt.

Overfull \hbox (1.79922pt too wide) in paragraph at lines 136--141
[][] 
 []

<para9.png, id=35, 642.4pt x 511.9125pt>
File: para9.png Graphic file (type png)
<use para9.png>
Package luatex.def Info: para9.png  used on input line 148.
(luatex.def)             Requested size: 160.59961pt x 127.97781pt.
<para92.png, id=36, 642.4pt x 511.9125pt>
File: para92.png Graphic file (type png)
<use para92.png>
Package luatex.def Info: para92.png  used on input line 150.
(luatex.def)             Requested size: 160.59961pt x 127.97781pt.

Overfull \hbox (1.79922pt too wide) in paragraph at lines 147--152
[][] 
 []


LaTeX Warning: `h' float specifier changed to `ht'.

<para112.png, id=37, 642.4pt x 511.9125pt>
File: para112.png Graphic file (type png)
<use para112.png>
Package luatex.def Info: para112.png  used on input line 158.
(luatex.def)             Requested size: 160.59961pt x 127.97781pt.
<para11.png, id=38, 642.4pt x 511.9125pt>
File: para11.png Graphic file (type png)
<use para11.png>
Package luatex.def Info: para11.png  used on input line 160.
(luatex.def)             Requested size: 160.59961pt x 127.97781pt.

Overfull \hbox (1.79922pt too wide) in paragraph at lines 157--162
[][] 
 []


LaTeX Warning: `h' float specifier changed to `ht'.

No file vis_prel_para.bbl.
(./license.tex) [3<./para6exp2t.png><./para6exp2.png>] [4<./para9.png><./para92.
png><./para112.png><./para11.png>] (./vis_prel_para.aux)

LaTeX Warning: There were undefined references.


LaTeX Warning: There were multiply-defined labels.

)

Here is how much of LuaTeX's memory you used:
 26870 strings out of 494480
 156467,794899 words of node,token memory allocated
 466 words of node memory still in use:
   4 hlist, 1 vlist, 1 rule, 6 glue, 6 attribute, 56 glue_spec, 6 attribute_list
, 1 write nodes
   avail lists: 1:2,2:22144,3:8116,4:188,5:142,6:1595,7:4082,8:95,9:1511,10:10,1
1:235
 30141 multiletter control sequences out of 65536+600000
 60 fonts using 8949551 bytes
 55i,15n,54p,820b,567s stack positions out of 5000i,500n,10000p,200000b,100000s
</usr/share/texmf/fonts/opentype/public/lm/lmmono8-regular.otf></usr/share/texmf
/fonts/opentype/public/lm/lmroman8-bold.otf></usr/share/texmf/fonts/opentype/pub
lic/lm/lmroman8-regular.otf></usr/share/texmf/fonts/opentype/public/lm/lmroman6-
regular.otf></usr/share/texmf/fonts/opentype/public/lm/lmroman7-regular.otf></us
r/share/texmf/fonts/opentype/public/lm/lmmono10-regular.otf></usr/share/texmf/fo
nts/opentype/public/lm/lmroman7-bold.otf></usr/share/texmf/fonts/opentype/public
/lm/lmroman10-bold.otf></usr/share/texmf/fonts/opentype/public/lm/lmroman10-regu
lar.otf></usr/share/texmf/fonts/opentype/public/lm/lmroman12-bold.otf></usr/shar
e/texmf/fonts/opentype/public/lm/lmroman9-regular.otf></usr/share/texmf/fonts/op
entype/public/lm/lmroman9-bold.otf></usr/share/texmf/fonts/opentype/public/lm/lm
mono12-regular.otf></usr/share/texmf/fonts/opentype/public/lm/lmroman12-regular.
otf></usr/share/texmf/fonts/opentype/public/lm/lmroman17-regular.otf>
Output written on vis_prel_para.pdf (4 pages, 275642 bytes).

PDF statistics: 143 PDF objects out of 1000 (max. 8388607)
 76 compressed objects within 1 object stream
 0 named destinations out of 1000 (max. 131072)
 43 words of extra memory for PDF output out of 10000 (max. 100000000)

